<?xml version="1.0" encoding="UTF-8"?>
<testsuite xmlns:xsi="http://www.w3.org/2001/XMLSchema-instance" xsi:noNamespaceSchemaLocation="https://maven.apache.org/surefire/maven-surefire-plugin/xsd/surefire-test-report.xsd" version="3.0.2" name="com.kiselev.userbalance.UserBalanceApplicationTests" time="4.683" tests="1" errors="0" skipped="0" failures="0">
  <properties>
[...]
</properties>
  <testcase name="contextLoads" classname="com.kiselev.userbalance.UserBalanceApplicationTests" time="0.256">
    <system-out><![CDATA[00:00:36.074 [main] INFO org.springframework.test.context.support.AnnotationConfigContextLoaderUtils -- Could not detect default configuration classes for test class [com.kiselev.userbalance.UserBalanceApplicationTests]: UserBalanceApplicationTests does not declare any static, non-private, non-final, nested classes annotated with @Configuration.
00:00:36.163 [main] INFO org.springframework.boot.test.context.SpringBootTestContextBootstrapper -- Found @SpringBootConfiguration com.kiselev.userbalance.UserBalanceApplication for test class com.kiselev.userbalance.UserBalanceApplicationTests

  .   ____          _            __ _ _
 /\\ / ___'_ __ _ _(_)_ __  __ _ \ \ \ \
( ( )\___ | '_ | '_| | '_ \/ _` | \ \ \ \
 \\/  ___)| |_)| | | | | || (_| |  ) ) ) )
  '  |____| .__|_| |_|_| |_\__, | / / / /
 =========|_|==============|___/=/_/_/_/

 :: Spring Boot ::                (v3.4.5)

2025-05-19T00:00:36.453+03:00  INFO 18752 --- [           main] c.k.u.UserBalanceApplicationTests        : Starting UserBalanceApplicationTests using Java 17.0.15 with PID 18752 (started by user in C:\Projects\libary\user-balance)
2025-05-19T00:00:36.454+03:00  INFO 18752 --- [           main] c.k.u.UserBalanceApplicationTests        : No active profile set, falling back to 1 default profile: "default"
2025-05-19T00:00:37.013+03:00  INFO 18752 --- [           main] .s.d.r.c.RepositoryConfigurationDelegate : Multiple Spring Data modules found, entering strict repository configuration mode
2025-05-19T00:00:37.014+03:00  INFO 18752 --- [           main] .s.d.r.c.RepositoryConfigurationDelegate : Bootstrapping Spring Data Elasticsearch repositories in DEFAULT mode.
2025-05-19T00:00:37.041+03:00  INFO 18752 --- [           main] .RepositoryConfigurationExtensionSupport : Spring Data Elasticsearch - Could not safely identify store assignment for repository candidate interface com.kiselev.userbalance.adapter.repository.AccountRepository; If you want this repository to be a Elasticsearch repository, consider annotating your entities with one of these annotations: org.springframework.data.elasticsearch.annotations.Document (preferred), or consider extending one of the following types with your repository: org.springframework.data.elasticsearch.repository.ElasticsearchRepository
2025-05-19T00:00:37.042+03:00  INFO 18752 --- [           main] .RepositoryConfigurationExtensionSupport : Spring Data Elasticsearch - Could not safely identify store assignment for repository candidate interface com.kiselev.userbalance.adapter.repository.EmailDataRepository; If you want this repository to be a Elasticsearch repository, consider annotating your entities with one of these annotations: org.springframework.data.elasticsearch.annotations.Document (preferred), or consider extending one of the following types with your repository: org.springframework.data.elasticsearch.repository.ElasticsearchRepository
2025-05-19T00:00:37.043+03:00  INFO 18752 --- [           main] .RepositoryConfigurationExtensionSupport : Spring Data Elasticsearch - Could not safely identify store assignment for repository candidate interface com.kiselev.userbalance.adapter.repository.PhoneDataRepository; If you want this repository to be a Elasticsearch repository, consider annotating your entities with one of these annotations: org.springframework.data.elasticsearch.annotations.Document (preferred), or consider extending one of the following types with your repository: org.springframework.data.elasticsearch.repository.ElasticsearchRepository
2025-05-19T00:00:37.044+03:00  INFO 18752 --- [           main] .RepositoryConfigurationExtensionSupport : Spring Data Elasticsearch - Could not safely identify store assignment for repository candidate interface com.kiselev.userbalance.adapter.repository.UserRepository; If you want this repository to be a Elasticsearch repository, consider annotating your entities with one of these annotations: org.springframework.data.elasticsearch.annotations.Document (preferred), or consider extending one of the following types with your repository: org.springframework.data.elasticsearch.repository.ElasticsearchRepository
2025-05-19T00:00:37.100+03:00  INFO 18752 --- [           main] .s.d.r.c.RepositoryConfigurationDelegate : Finished Spring Data repository scanning in 79 ms. Found 1 Elasticsearch repository interface.
2025-05-19T00:00:37.104+03:00  INFO 18752 --- [           main] .s.d.r.c.RepositoryConfigurationDelegate : Multiple Spring Data modules found, entering strict repository configuration mode
2025-05-19T00:00:37.104+03:00  INFO 18752 --- [           main] .s.d.r.c.RepositoryConfigurationDelegate : Bootstrapping Spring Data Reactive Elasticsearch repositories in DEFAULT mode.
2025-05-19T00:00:37.109+03:00  INFO 18752 --- [           main] .RepositoryConfigurationExtensionSupport : Spring Data Reactive Elasticsearch - Could not safely identify store assignment for repository candidate interface com.kiselev.userbalance.adapter.repository.AccountRepository; If you want this repository to be a Reactive Elasticsearch repository, consider annotating your entities with one of these annotations: org.springframework.data.elasticsearch.annotations.Document (preferred), or consider extending one of the following types with your repository: org.springframework.data.elasticsearch.repository.ReactiveElasticsearchRepository
2025-05-19T00:00:37.109+03:00  INFO 18752 --- [           main] .RepositoryConfigurationExtensionSupport : Spring Data Reactive Elasticsearch - Could not safely identify store assignment for repository candidate interface com.kiselev.userbalance.adapter.repository.EmailDataRepository; If you want this repository to be a Reactive Elasticsearch repository, consider annotating your entities with one of these annotations: org.springframework.data.elasticsearch.annotations.Document (preferred), or consider extending one of the following types with your repository: org.springframework.data.elasticsearch.repository.ReactiveElasticsearchRepository
2025-05-19T00:00:37.109+03:00  INFO 18752 --- [           main] .RepositoryConfigurationExtensionSupport : Spring Data Reactive Elasticsearch - Could not safely identify store assignment for repository candidate interface com.kiselev.userbalance.adapter.repository.PhoneDataRepository; If you want this repository to be a Reactive Elasticsearch repository, consider annotating your entities with one of these annotations: org.springframework.data.elasticsearch.annotations.Document (preferred), or consider extending one of the following types with your repository: org.springframework.data.elasticsearch.repository.ReactiveElasticsearchRepository
2025-05-19T00:00:37.109+03:00  INFO 18752 --- [           main] .RepositoryConfigurationExtensionSupport : Spring Data Reactive Elasticsearch - Could not safely identify store assignment for repository candidate interface com.kiselev.userbalance.adapter.repository.UserRepository; If you want this repository to be a Reactive Elasticsearch repository, consider annotating your entities with one of these annotations: org.springframework.data.elasticsearch.annotations.Document (preferred), or consider extending one of the following types with your repository: org.springframework.data.elasticsearch.repository.ReactiveElasticsearchRepository
2025-05-19T00:00:37.110+03:00  INFO 18752 --- [           main] .s.d.r.c.RepositoryConfigurationDelegate : Finished Spring Data repository scanning in 5 ms. Found 0 Reactive Elasticsearch repository interfaces.
2025-05-19T00:00:37.116+03:00  INFO 18752 --- [           main] .s.d.r.c.RepositoryConfigurationDelegate : Multiple Spring Data modules found, entering strict repository configuration mode
2025-05-19T00:00:37.116+03:00  INFO 18752 --- [           main] .s.d.r.c.RepositoryConfigurationDelegate : Bootstrapping Spring Data JPA repositories in DEFAULT mode.
2025-05-19T00:00:37.125+03:00  INFO 18752 --- [           main] .RepositoryConfigurationExtensionSupport : Spring Data JPA - Could not safely identify store assignment for repository candidate interface com.kiselev.userbalance.adapter.repository.UserSearchRepository; If you want this repository to be a JPA repository, consider annotating your entities with one of these annotations: jakarta.persistence.Entity, jakarta.persistence.MappedSuperclass (preferred), or consider extending one of the following types with your repository: org.springframework.data.jpa.repository.JpaRepository
2025-05-19T00:00:37.132+03:00  INFO 18752 --- [           main] .s.d.r.c.RepositoryConfigurationDelegate : Finished Spring Data repository scanning in 12 ms. Found 4 JPA repository interfaces.
2025-05-19T00:00:37.141+03:00  INFO 18752 --- [           main] .s.d.r.c.RepositoryConfigurationDelegate : Multiple Spring Data modules found, entering strict repository configuration mode
2025-05-19T00:00:37.142+03:00  INFO 18752 --- [           main] .s.d.r.c.RepositoryConfigurationDelegate : Bootstrapping Spring Data Redis repositories in DEFAULT mode.
2025-05-19T00:00:37.152+03:00  INFO 18752 --- [           main] .RepositoryConfigurationExtensionSupport : Spring Data Redis - Could not safely identify store assignment for repository candidate interface com.kiselev.userbalance.adapter.repository.AccountRepository; If you want this repository to be a Redis repository, consider annotating your entities with one of these annotations: org.springframework.data.redis.core.RedisHash (preferred), or consider extending one of the following types with your repository: org.springframework.data.keyvalue.repository.KeyValueRepository
2025-05-19T00:00:37.152+03:00  INFO 18752 --- [           main] .RepositoryConfigurationExtensionSupport : Spring Data Redis - Could not safely identify store assignment for repository candidate interface com.kiselev.userbalance.adapter.repository.EmailDataRepository; If you want this repository to be a Redis repository, consider annotating your entities with one of these annotations: org.springframework.data.redis.core.RedisHash (preferred), or consider extending one of the following types with your repository: org.springframework.data.keyvalue.repository.KeyValueRepository
2025-05-19T00:00:37.152+03:00  INFO 18752 --- [           main] .RepositoryConfigurationExtensionSupport : Spring Data Redis - Could not safely identify store assignment for repository candidate interface com.kiselev.userbalance.adapter.repository.PhoneDataRepository; If you want this repository to be a Redis repository, consider annotating your entities with one of these annotations: org.springframework.data.redis.core.RedisHash (preferred), or consider extending one of the following types with your repository: org.springframework.data.keyvalue.repository.KeyValueRepository
2025-05-19T00:00:37.153+03:00  INFO 18752 --- [           main] .RepositoryConfigurationExtensionSupport : Spring Data Redis - Could not safely identify store assignment for repository candidate interface com.kiselev.userbalance.adapter.repository.UserRepository; If you want this repository to be a Redis repository, consider annotating your entities with one of these annotations: org.springframework.data.redis.core.RedisHash (preferred), or consider extending one of the following types with your repository: org.springframework.data.keyvalue.repository.KeyValueRepository
2025-05-19T00:00:37.153+03:00  INFO 18752 --- [           main] .RepositoryConfigurationExtensionSupport : Spring Data Redis - Could not safely identify store assignment for repository candidate interface com.kiselev.userbalance.adapter.repository.UserSearchRepository; If you want this repository to be a Redis repository, consider annotating your entities with one of these annotations: org.springframework.data.redis.core.RedisHash (preferred), or consider extending one of the following types with your repository: org.springframework.data.keyvalue.repository.KeyValueRepository
2025-05-19T00:00:37.153+03:00  INFO 18752 --- [           main] .s.d.r.c.RepositoryConfigurationDelegate : Finished Spring Data repository scanning in 4 ms. Found 0 Redis repository interfaces.
2025-05-19T00:00:37.568+03:00  INFO 18752 --- [           main] com.zaxxer.hikari.HikariDataSource       : HikariPool-1 - Starting...
2025-05-19T00:00:37.702+03:00  INFO 18752 --- [           main] com.zaxxer.hikari.pool.HikariPool        : HikariPool-1 - Added connection org.postgresql.jdbc.PgConnection@51cca357
2025-05-19T00:00:37.703+03:00  INFO 18752 --- [           main] com.zaxxer.hikari.HikariDataSource       : HikariPool-1 - Start completed.
2025-05-19T00:00:37.788+03:00  INFO 18752 --- [           main] liquibase.database                       : Set default schema name to public
2025-05-19T00:00:38.061+03:00  INFO 18752 --- [           main] liquibase.changelog                      : Reading from public.databasechangelog
2025-05-19T00:00:38.131+03:00  INFO 18752 --- [           main] liquibase.ui                             : Database is up to date, no changesets to execute
2025-05-19T00:00:38.133+03:00  INFO 18752 --- [           main] liquibase.changelog                      : Reading from public.databasechangelog
2025-05-19T00:00:38.139+03:00  INFO 18752 --- [           main] liquibase.util                           : UPDATE SUMMARY
2025-05-19T00:00:38.139+03:00  INFO 18752 --- [           main] liquibase.util                           : Run:                          0
2025-05-19T00:00:38.139+03:00  INFO 18752 --- [           main] liquibase.util                           : Previously run:               4
2025-05-19T00:00:38.139+03:00  INFO 18752 --- [           main] liquibase.util                           : Filtered out:                 0
2025-05-19T00:00:38.139+03:00  INFO 18752 --- [           main] liquibase.util                           : -------------------------------
2025-05-19T00:00:38.139+03:00  INFO 18752 --- [           main] liquibase.util                           : Total change sets:            4
2025-05-19T00:00:38.140+03:00  INFO 18752 --- [           main] liquibase.util                           : Update summary generated
2025-05-19T00:00:38.140+03:00  INFO 18752 --- [           main] liquibase.command                        : Command execution complete
2025-05-19T00:00:38.383+03:00  INFO 18752 --- [           main] o.hibernate.jpa.internal.util.LogHelper  : HHH000204: Processing PersistenceUnitInfo [name: default]
2025-05-19T00:00:38.416+03:00  INFO 18752 --- [           main] org.hibernate.Version                    : HHH000412: Hibernate ORM core version 6.6.13.Final
2025-05-19T00:00:38.443+03:00  INFO 18752 --- [           main] o.h.c.internal.RegionFactoryInitiator    : HHH000026: Second-level cache disabled
2025-05-19T00:00:38.612+03:00  INFO 18752 --- [           main] o.s.o.j.p.SpringPersistenceUnitInfo      : No LoadTimeWeaver setup: ignoring JPA class transformer
2025-05-19T00:00:38.670+03:00  INFO 18752 --- [           main] org.hibernate.orm.connections.pooling    : HHH10001005: Database info:
	Database JDBC URL [Connecting through datasource 'HikariDataSource (HikariPool-1)']
	Database driver: undefined/unknown
	Database version: 17.2
	Autocommit mode: undefined/unknown
	Isolation level: undefined/unknown
	Minimum pool size: undefined/unknown
	Maximum pool size: undefined/unknown
2025-05-19T00:00:39.202+03:00  INFO 18752 --- [           main] o.h.e.t.j.p.i.JtaPlatformInitiator       : HHH000489: No JTA platform available (set 'hibernate.transaction.jta.platform' to enable JTA platform integration)
2025-05-19T00:00:39.203+03:00  INFO 18752 --- [           main] j.LocalContainerEntityManagerFactoryBean : Initialized JPA EntityManagerFactory for persistence unit 'default'
2025-05-19T00:00:39.340+03:00  INFO 18752 --- [           main] o.s.d.j.r.query.QueryEnhancerFactory     : Hibernate is in classpath; If applicable, HQL parser will be used.
2025-05-19T00:00:39.992+03:00  WARN 18752 --- [           main] JpaBaseConfiguration$JpaWebConfiguration : spring.jpa.open-in-view is enabled by default. Therefore, database queries may be performed during view rendering. Explicitly configure spring.jpa.open-in-view to disable this warning
2025-05-19T00:00:40.338+03:00  INFO 18752 --- [           main] c.k.u.UserBalanceApplicationTests        : Started UserBalanceApplicationTests in 4.08 seconds (process running for 4.779)
Hibernate: 
    insert 
    into
        "user"
        (date_of_birth, name, password) 
    values
        (?, ?, ?)
Hibernate: 
    select
        ae1_0.id,
        ae1_0.balance,
        ae1_0.initial_deposit,
        ae1_0.user_id 
    from
        account ae1_0
Hibernate: 
    insert 
    into
        account
        (balance, initial_deposit, user_id) 
    values
        (?, ?, ?)
Hibernate: 
    insert 
    into
        email_data
        (email, user_id) 
    values
        (?, ?)
Hibernate: 
    select
        ue1_0.id,
        ae1_0.id,
        ae1_0.balance,
        ae1_0.initial_deposit,
        ue1_0.date_of_birth,
        ue1_0.name,
        ue1_0.password 
    from
        "user" ue1_0 
    left join
        account ae1_0 
            on ue1_0.id=ae1_0.user_id 
    where
        ue1_0.id=?
Hibernate: 
    select
        ue1_0.id,
        ae1_0.id,
        ae1_0.balance,
        ae1_0.initial_deposit,
        ue1_0.date_of_birth,
        ue1_0.name,
        ue1_0.password 
    from
        "user" ue1_0 
    left join
        account ae1_0 
            on ue1_0.id=ae1_0.user_id 
    where
        ue1_0.id=?
Hibernate: 
    select
        ue1_0.id,
        ae1_0.id,
        ae1_0.balance,
        ae1_0.initial_deposit,
        ue1_0.date_of_birth,
        ue1_0.name,
        ue1_0.password 
    from
        "user" ue1_0 
    left join
        account ae1_0 
            on ue1_0.id=ae1_0.user_id 
    where
        ue1_0.id=?
Hibernate: 
    select
        ue1_0.id,
        ae1_0.id,
        ae1_0.balance,
        ae1_0.initial_deposit,
        ue1_0.date_of_birth,
        ue1_0.name,
        ue1_0.password 
    from
        "user" ue1_0 
    left join
        account ae1_0 
            on ue1_0.id=ae1_0.user_id 
    where
        ue1_0.id=?
Hibernate: 
    select
        ue1_0.id,
        ae1_0.id,
        ae1_0.balance,
        ae1_0.initial_deposit,
        ue1_0.date_of_birth,
        ue1_0.name,
        ue1_0.password 
    from
        "user" ue1_0 
    left join
        account ae1_0 
            on ue1_0.id=ae1_0.user_id 
    where
        ue1_0.id=?
Hibernate: 
    select
        ue1_0.id,
        ae1_0.id,
        ae1_0.balance,
        ae1_0.initial_deposit,
        ue1_0.date_of_birth,
        ue1_0.name,
        ue1_0.password 
    from
        "user" ue1_0 
    left join
        account ae1_0 
            on ue1_0.id=ae1_0.user_id 
    where
        ue1_0.id=?
Hibernate: 
    select
        ue1_0.id,
        ae1_0.id,
        ae1_0.balance,
        ae1_0.initial_deposit,
        ue1_0.date_of_birth,
        ue1_0.name,
        ue1_0.password 
    from
        "user" ue1_0 
    left join
        account ae1_0 
            on ue1_0.id=ae1_0.user_id 
    where
        ue1_0.id=?
Hibernate: 
    select
        ue1_0.id,
        ae1_0.id,
        ae1_0.balance,
        ae1_0.initial_deposit,
        ue1_0.date_of_birth,
        ue1_0.name,
        ue1_0.password 
    from
        "user" ue1_0 
    left join
        account ae1_0 
            on ue1_0.id=ae1_0.user_id 
    where
        ue1_0.id=?
Hibernate: 
    select
        ue1_0.id,
        ae1_0.id,
        ae1_0.balance,
        ae1_0.initial_deposit,
        ue1_0.date_of_birth,
        ue1_0.name,
        ue1_0.password 
    from
        "user" ue1_0 
    left join
        account ae1_0 
            on ue1_0.id=ae1_0.user_id 
    where
        ue1_0.id=?
Hibernate: 
    insert 
    into
        "user"
        (date_of_birth, name, password) 
    values
        (?, ?, ?)
Hibernate: 
    select
        ue1_0.id,
        ae1_0.id,
        ae1_0.balance,
        ae1_0.initial_deposit,
        ue1_0.date_of_birth,
        ue1_0.name,
        ue1_0.password 
    from
        "user" ue1_0 
    left join
        account ae1_0 
            on ue1_0.id=ae1_0.user_id 
    where
        ue1_0.id=?
Hibernate: 
    insert 
    into
        account
        (balance, initial_deposit, user_id) 
    values
        (?, ?, ?)
Hibernate: 
    select
        ue1_0.id,
        ae1_0.id,
        ae1_0.balance,
        ae1_0.initial_deposit,
        ue1_0.date_of_birth,
        ue1_0.name,
        ue1_0.password 
    from
        "user" ue1_0 
    left join
        account ae1_0 
            on ue1_0.id=ae1_0.user_id 
    where
        ue1_0.id=?
Hibernate: 
    select
        ue1_0.id,
        ae1_0.id,
        ae1_0.balance,
        ae1_0.initial_deposit,
        ue1_0.date_of_birth,
        ue1_0.name,
        ue1_0.password 
    from
        "user" ue1_0 
    left join
        account ae1_0 
            on ue1_0.id=ae1_0.user_id 
    where
        ue1_0.id=?
Hibernate: 
    insert 
    into
        email_data
        (email, user_id) 
    values
        (?, ?)
Hibernate: 
    select
        ue1_0.id,
        ae1_0.id,
        ae1_0.balance,
        ae1_0.initial_deposit,
        ue1_0.date_of_birth,
        ue1_0.name,
        ue1_0.password 
    from
        "user" ue1_0 
    left join
        account ae1_0 
            on ue1_0.id=ae1_0.user_id 
    where
        ue1_0.id=?
Hibernate: 
    select
        ue1_0.id,
        ae1_0.id,
        ae1_0.balance,
        ae1_0.initial_deposit,
        ue1_0.date_of_birth,
        ue1_0.name,
        ue1_0.password 
    from
        "user" ue1_0 
    left join
        account ae1_0 
            on ue1_0.id=ae1_0.user_id 
    where
        ue1_0.id=?
Hibernate: 
    select
        ue1_0.id,
        ae1_0.id,
        ae1_0.balance,
        ae1_0.initial_deposit,
        ue1_0.date_of_birth,
        ue1_0.name,
        ue1_0.password 
    from
        "user" ue1_0 
    left join
        account ae1_0 
            on ue1_0.id=ae1_0.user_id 
    where
        ue1_0.id=?
Hibernate: 
    select
        ue1_0.id,
        ae1_0.id,
        ae1_0.balance,
        ae1_0.initial_deposit,
        ue1_0.date_of_birth,
        ue1_0.name,
        ue1_0.password 
    from
        "user" ue1_0 
    left join
        account ae1_0 
            on ue1_0.id=ae1_0.user_id 
    where
        ue1_0.id=?
Hibernate: 
    select
        ue1_0.id,
        ae1_0.id,
        ae1_0.balance,
        ae1_0.initial_deposit,
        ue1_0.date_of_birth,
        ue1_0.name,
        ue1_0.password 
    from
        "user" ue1_0 
    left join
        account ae1_0 
            on ue1_0.id=ae1_0.user_id 
    where
        ue1_0.id=?
Hibernate: 
    select
        ue1_0.id,
        ae1_0.id,
        ae1_0.balance,
        ae1_0.initial_deposit,
        ue1_0.date_of_birth,
        ue1_0.name,
        ue1_0.password 
    from
        "user" ue1_0 
    left join
        account ae1_0 
            on ue1_0.id=ae1_0.user_id 
    where
        ue1_0.id=?
Hibernate: 
    select
        ue1_0.id,
        ae1_0.id,
        ae1_0.balance,
        ae1_0.initial_deposit,
        ue1_0.date_of_birth,
        ue1_0.name,
        ue1_0.password 
    from
        "user" ue1_0 
    left join
        account ae1_0 
            on ue1_0.id=ae1_0.user_id 
    where
        ue1_0.id=?
Hibernate: 
    select
        ue1_0.id,
        ae1_0.id,
        ae1_0.balance,
        ae1_0.initial_deposit,
        ue1_0.date_of_birth,
        ue1_0.name,
        ue1_0.password 
    from
        "user" ue1_0 
    left join
        account ae1_0 
            on ue1_0.id=ae1_0.user_id 
    where
        ue1_0.id=?
Hibernate: 
    select
        ue1_0.id,
        ae1_0.id,
        ae1_0.balance,
        ae1_0.initial_deposit,
        ue1_0.date_of_birth,
        ue1_0.name,
        ue1_0.password 
    from
        "user" ue1_0 
    left join
        account ae1_0 
            on ue1_0.id=ae1_0.user_id 
    where
        ue1_0.id=?
Hibernate: 
    select
        ue1_0.id,
        ae1_0.id,
        ae1_0.balance,
        ae1_0.initial_deposit,
        ue1_0.date_of_birth,
        ue1_0.name,
        ue1_0.password 
    from
        "user" ue1_0 
    left join
        account ae1_0 
            on ue1_0.id=ae1_0.user_id 
    where
        ue1_0.id=?
Hibernate: 
    select
        ue1_0.id,
        ae1_0.id,
        ae1_0.balance,
        ae1_0.initial_deposit,
        ue1_0.date_of_birth,
        ue1_0.name,
        ue1_0.password 
    from
        "user" ue1_0 
    left join
        account ae1_0 
            on ue1_0.id=ae1_0.user_id 
    where
        ue1_0.id=?
Hibernate: 
    select
        ue1_0.id,
        ae1_0.id,
        ae1_0.balance,
        ae1_0.initial_deposit,
        ue1_0.date_of_birth,
        ue1_0.name,
        ue1_0.password 
    from
        "user" ue1_0 
    left join
        account ae1_0 
            on ue1_0.id=ae1_0.user_id 
    where
        ue1_0.id=?
Hibernate: 
    select
        ue1_0.id,
        ae1_0.id,
        ae1_0.balance,
        ae1_0.initial_deposit,
        ue1_0.date_of_birth,
        ue1_0.name,
        ue1_0.password 
    from
        "user" ue1_0 
    left join
        account ae1_0 
            on ue1_0.id=ae1_0.user_id 
    where
        ue1_0.id=?
Hibernate: 
    select
        ue1_0.id,
        ae1_0.id,
        ae1_0.balance,
        ae1_0.initial_deposit,
        ue1_0.date_of_birth,
        ue1_0.name,
        ue1_0.password 
    from
        "user" ue1_0 
    left join
        account ae1_0 
            on ue1_0.id=ae1_0.user_id 
    where
        ue1_0.id=?
Hibernate: 
    select
        ue1_0.id,
        ae1_0.id,
        ae1_0.balance,
        ae1_0.initial_deposit,
        ue1_0.date_of_birth,
        ue1_0.name,
        ue1_0.password 
    from
        "user" ue1_0 
    left join
        account ae1_0 
            on ue1_0.id=ae1_0.user_id 
    where
        ue1_0.id=?
Hibernate: 
    update
        account 
    set
        balance=?,
        initial_deposit=?,
        user_id=? 
    where
        id=?
Hibernate: 
    update
        account 
    set
        balance=?,
        initial_deposit=?,
        user_id=? 
    where
        id=?
Hibernate: 
    update
        account 
    set
        balance=?,
        initial_deposit=?,
        user_id=? 
    where
        id=?
Hibernate: 
    update
        account 
    set
        balance=?,
        initial_deposit=?,
        user_id=? 
    where
        id=?
Hibernate: 
    update
        account 
    set
        balance=?,
        initial_deposit=?,
        user_id=? 
    where
        id=?
Hibernate: 
    update
        account 
    set
        balance=?,
        initial_deposit=?,
        user_id=? 
    where
        id=?
Hibernate: 
    update
        account 
    set
        balance=?,
        initial_deposit=?,
        user_id=? 
    where
        id=?
Hibernate: 
    update
        account 
    set
        balance=?,
        initial_deposit=?,
        user_id=? 
    where
        id=?
Hibernate: 
    update
        account 
    set
        balance=?,
        initial_deposit=?,
        user_id=? 
    where
        id=?
Hibernate: 
    update
        account 
    set
        balance=?,
        initial_deposit=?,
        user_id=? 
    where
        id=?
Hibernate: 
    update
        account 
    set
        balance=?,
        initial_deposit=?,
        user_id=? 
    where
        id=?
Hibernate: 
    update
        account 
    set
        balance=?,
        initial_deposit=?,
        user_id=? 
    where
        id=?
Hibernate: 
    update
        account 
    set
        balance=?,
        initial_deposit=?,
        user_id=? 
    where
        id=?
Hibernate: 
    update
        account 
    set
        balance=?,
        initial_deposit=?,
        user_id=? 
    where
        id=?
Hibernate: 
    update
        account 
    set
        balance=?,
        initial_deposit=?,
        user_id=? 
    where
        id=?
Hibernate: 
    update
        account 
    set
        balance=?,
        initial_deposit=?,
        user_id=? 
    where
        id=?
Hibernate: 
    update
        account 
    set
        balance=?,
        initial_deposit=?,
        user_id=? 
    where
        id=?
Hibernate: 
    update
        account 
    set
        balance=?,
        initial_deposit=?,
        user_id=? 
    where
        id=?
Hibernate: 
    update
        account 
    set
        balance=?,
        initial_deposit=?,
        user_id=? 
    where
        id=?
Hibernate: 
    update
        account 
    set
        balance=?,
        initial_deposit=?,
        user_id=? 
    where
        id=?
Hibernate: 
    update
        account 
    set
        balance=?,
        initial_deposit=?,
        user_id=? 
    where
        id=?
Hibernate: 
    update
        account 
    set
        balance=?,
        initial_deposit=?,
        user_id=? 
    where
        id=?
Hibernate: 
    update
        account 
    set
        balance=?,
        initial_deposit=?,
        user_id=? 
    where
        id=?
Hibernate: 
    update
        account 
    set
        balance=?,
        initial_deposit=?,
        user_id=? 
    where
        id=?
Hibernate: 
    update
        account 
    set
        balance=?,
        initial_deposit=?,
        user_id=? 
    where
        id=?
Hibernate: 
    update
        account 
    set
        balance=?,
        initial_deposit=?,
        user_id=? 
    where
        id=?
Hibernate: 
    update
        account 
    set
        balance=?,
        initial_deposit=?,
        user_id=? 
    where
        id=?
]]></system-out>
  </testcase>
</testsuite>